{"/Users/_woo_s.j/Desktop/woo/workspace/teamitaka/teamitakaBackend/src/app.js": {"path":"/Users/_woo_s.j/Desktop/woo/workspace/teamitaka/teamitakaBackend/src/app.js","statementMap":{"0":{"start":{"line":2,"column":16},"end":{"line":2,"column":34}},"1":{"start":{"line":3,"column":20},"end":{"line":3,"column":51}},"2":{"start":{"line":4,"column":19},"end":{"line":4,"column":49}},"3":{"start":{"line":5,"column":18},"end":{"line":5,"column":47}},"4":{"start":{"line":6,"column":23},"end":{"line":6,"column":57}},"5":{"start":{"line":7,"column":19},"end":{"line":7,"column":49}},"6":{"start":{"line":9,"column":12},"end":{"line":9,"column":21}},"7":{"start":{"line":10,"column":0},"end":{"line":10,"column":24}},"8":{"start":{"line":13,"column":0},"end":{"line":13,"column":31}},"9":{"start":{"line":14,"column":0},"end":{"line":14,"column":29}},"10":{"start":{"line":15,"column":0},"end":{"line":15,"column":27}},"11":{"start":{"line":16,"column":0},"end":{"line":16,"column":37}},"12":{"start":{"line":19,"column":0},"end":{"line":19,"column":29}},"13":{"start":{"line":22,"column":0},"end":{"line":24,"column":3}},"14":{"start":{"line":23,"column":2},"end":{"line":23,"column":53}},"15":{"start":{"line":26,"column":0},"end":{"line":26,"column":21}}},"fnMap":{"0":{"name":"(anonymous_0)","decl":{"start":{"line":22,"column":13},"end":{"line":22,"column":14}},"loc":{"start":{"line":22,"column":27},"end":{"line":24,"column":1}},"line":22}},"branchMap":{},"s":{"0":1,"1":1,"2":1,"3":1,"4":1,"5":1,"6":1,"7":1,"8":1,"9":1,"10":1,"11":1,"12":1,"13":1,"14":1,"15":1},"f":{"0":1},"b":{},"_coverageSchema":"1a1c01bbd47fc00a2c39e90264f33305004495a9","hash":"ef99c16d1f5f133cd7ce8ce6e8d4160bdcd5a754"}
,"/Users/_woo_s.j/Desktop/woo/workspace/teamitaka/teamitakaBackend/src/config/authConfig.js": {"path":"/Users/_woo_s.j/Desktop/woo/workspace/teamitaka/teamitakaBackend/src/config/authConfig.js","statementMap":{"0":{"start":{"line":1,"column":0},"end":{"line":1,"column":27}},"1":{"start":{"line":2,"column":15},"end":{"line":2,"column":34}},"2":{"start":{"line":5,"column":0},"end":{"line":8,"column":1}},"3":{"start":{"line":6,"column":2},"end":{"line":6,"column":67}},"4":{"start":{"line":7,"column":2},"end":{"line":7,"column":18}},"5":{"start":{"line":10,"column":0},"end":{"line":17,"column":2}},"6":{"start":{"line":15,"column":4},"end":{"line":15,"column":78}}},"fnMap":{"0":{"name":"(anonymous_0)","decl":{"start":{"line":14,"column":19},"end":{"line":14,"column":20}},"loc":{"start":{"line":14,"column":38},"end":{"line":16,"column":3}},"line":14}},"branchMap":{"0":{"loc":{"start":{"line":5,"column":0},"end":{"line":8,"column":1}},"type":"if","locations":[{"start":{"line":5,"column":0},"end":{"line":8,"column":1}},{"start":{},"end":{}}],"line":5},"1":{"loc":{"start":{"line":11,"column":13},"end":{"line":11,"column":59}},"type":"binary-expr","locations":[{"start":{"line":11,"column":13},"end":{"line":11,"column":35}},{"start":{"line":11,"column":39},"end":{"line":11,"column":59}}],"line":11},"2":{"loc":{"start":{"line":12,"column":14},"end":{"line":12,"column":62}},"type":"binary-expr","locations":[{"start":{"line":12,"column":14},"end":{"line":12,"column":37}},{"start":{"line":12,"column":41},"end":{"line":12,"column":62}}],"line":12}},"s":{"0":1,"1":1,"2":1,"3":0,"4":0,"5":1,"6":0},"f":{"0":0},"b":{"0":[0,1],"1":[1,0],"2":[1,0]},"_coverageSchema":"1a1c01bbd47fc00a2c39e90264f33305004495a9","hash":"7163f4448112ac00c6001cf4c440b9269ae0ac92"}
,"/Users/_woo_s.j/Desktop/woo/workspace/teamitaka/teamitakaBackend/src/config/db.js": {"path":"/Users/_woo_s.j/Desktop/woo/workspace/teamitaka/teamitakaBackend/src/config/db.js","statementMap":{"0":{"start":{"line":2,"column":0},"end":{"line":2,"column":27}},"1":{"start":{"line":3,"column":22},"end":{"line":3,"column":42}},"2":{"start":{"line":5,"column":18},"end":{"line":22,"column":1}},"3":{"start":{"line":24,"column":18},"end":{"line":32,"column":1}},"4":{"start":{"line":25,"column":2},"end":{"line":31,"column":3}},"5":{"start":{"line":26,"column":4},"end":{"line":26,"column":35}},"6":{"start":{"line":27,"column":4},"end":{"line":27,"column":54}},"7":{"start":{"line":29,"column":4},"end":{"line":29,"column":63}},"8":{"start":{"line":30,"column":4},"end":{"line":30,"column":20}},"9":{"start":{"line":35,"column":0},"end":{"line":37,"column":1}},"10":{"start":{"line":36,"column":2},"end":{"line":36,"column":14}},"11":{"start":{"line":39,"column":0},"end":{"line":39,"column":42}}},"fnMap":{"0":{"name":"(anonymous_0)","decl":{"start":{"line":24,"column":18},"end":{"line":24,"column":19}},"loc":{"start":{"line":24,"column":30},"end":{"line":32,"column":1}},"line":24}},"branchMap":{"0":{"loc":{"start":{"line":35,"column":0},"end":{"line":37,"column":1}},"type":"if","locations":[{"start":{"line":35,"column":0},"end":{"line":37,"column":1}},{"start":{},"end":{}}],"line":35}},"s":{"0":1,"1":1,"2":1,"3":1,"4":0,"5":0,"6":0,"7":0,"8":0,"9":1,"10":0,"11":1},"f":{"0":0},"b":{"0":[0,1]},"_coverageSchema":"1a1c01bbd47fc00a2c39e90264f33305004495a9","hash":"b9b2f664e78c0a2cf5f7fc4d31427bfaf01a8bf6"}
,"/Users/_woo_s.j/Desktop/woo/workspace/teamitaka/teamitakaBackend/src/controllers/adminController.js": {"path":"/Users/_woo_s.j/Desktop/woo/workspace/teamitaka/teamitakaBackend/src/controllers/adminController.js","statementMap":{"0":{"start":{"line":1,"column":15},"end":{"line":1,"column":34}},"1":{"start":{"line":2,"column":12},"end":{"line":2,"column":35}},"2":{"start":{"line":3,"column":49},"end":{"line":3,"column":80}},"3":{"start":{"line":4,"column":14},"end":{"line":4,"column":30}},"4":{"start":{"line":7,"column":19},"end":{"line":20,"column":1}},"5":{"start":{"line":8,"column":30},"end":{"line":8,"column":38}},"6":{"start":{"line":9,"column":2},"end":{"line":11,"column":3}},"7":{"start":{"line":10,"column":4},"end":{"line":10,"column":60}},"8":{"start":{"line":13,"column":18},"end":{"line":13,"column":63}},"9":{"start":{"line":14,"column":2},"end":{"line":16,"column":3}},"10":{"start":{"line":15,"column":4},"end":{"line":15,"column":63}},"11":{"start":{"line":18,"column":16},"end":{"line":18,"column":83}},"12":{"start":{"line":19,"column":2},"end":{"line":19,"column":45}},"13":{"start":{"line":23,"column":26},"end":{"line":38,"column":1}},"14":{"start":{"line":24,"column":2},"end":{"line":37,"column":3}},"15":{"start":{"line":25,"column":21},"end":{"line":27,"column":6}},"16":{"start":{"line":29,"column":4},"end":{"line":31,"column":5}},"17":{"start":{"line":30,"column":6},"end":{"line":30,"column":71}},"18":{"start":{"line":33,"column":4},"end":{"line":33,"column":28}},"19":{"start":{"line":35,"column":4},"end":{"line":35,"column":51}},"20":{"start":{"line":36,"column":4},"end":{"line":36,"column":79}},"21":{"start":{"line":41,"column":0},"end":{"line":44,"column":2}}},"fnMap":{"0":{"name":"(anonymous_0)","decl":{"start":{"line":7,"column":19},"end":{"line":7,"column":20}},"loc":{"start":{"line":7,"column":39},"end":{"line":20,"column":1}},"line":7},"1":{"name":"(anonymous_1)","decl":{"start":{"line":23,"column":26},"end":{"line":23,"column":27}},"loc":{"start":{"line":23,"column":46},"end":{"line":38,"column":1}},"line":23}},"branchMap":{"0":{"loc":{"start":{"line":9,"column":2},"end":{"line":11,"column":3}},"type":"if","locations":[{"start":{"line":9,"column":2},"end":{"line":11,"column":3}},{"start":{},"end":{}}],"line":9},"1":{"loc":{"start":{"line":14,"column":2},"end":{"line":16,"column":3}},"type":"if","locations":[{"start":{"line":14,"column":2},"end":{"line":16,"column":3}},{"start":{},"end":{}}],"line":14},"2":{"loc":{"start":{"line":29,"column":4},"end":{"line":31,"column":5}},"type":"if","locations":[{"start":{"line":29,"column":4},"end":{"line":31,"column":5}},{"start":{},"end":{}}],"line":29},"3":{"loc":{"start":{"line":36,"column":34},"end":{"line":36,"column":75}},"type":"binary-expr","locations":[{"start":{"line":36,"column":34},"end":{"line":36,"column":47}},{"start":{"line":36,"column":51},"end":{"line":36,"column":75}}],"line":36}},"s":{"0":1,"1":1,"2":1,"3":1,"4":1,"5":0,"6":0,"7":0,"8":0,"9":0,"10":0,"11":0,"12":0,"13":1,"14":0,"15":0,"16":0,"17":0,"18":0,"19":0,"20":0,"21":1},"f":{"0":0,"1":0},"b":{"0":[0,0],"1":[0,0],"2":[0,0],"3":[0,0]},"_coverageSchema":"1a1c01bbd47fc00a2c39e90264f33305004495a9","hash":"8ccbc12b16bd348c7648a316b9ce0e38525c4168"}
,"/Users/_woo_s.j/Desktop/woo/workspace/teamitaka/teamitakaBackend/src/controllers/authController.js": {"path":"/Users/_woo_s.j/Desktop/woo/workspace/teamitaka/teamitakaBackend/src/controllers/authController.js","statementMap":{"0":{"start":{"line":3,"column":29},"end":{"line":3,"column":66}},"1":{"start":{"line":6,"column":0},"end":{"line":14,"column":2}},"2":{"start":{"line":7,"column":2},"end":{"line":13,"column":3}},"3":{"start":{"line":10,"column":4},"end":{"line":10,"column":77}},"4":{"start":{"line":12,"column":4},"end":{"line":12,"column":58}},"5":{"start":{"line":17,"column":0},"end":{"line":25,"column":2}},"6":{"start":{"line":18,"column":2},"end":{"line":24,"column":3}},"7":{"start":{"line":21,"column":4},"end":{"line":21,"column":61}},"8":{"start":{"line":23,"column":4},"end":{"line":23,"column":58}},"9":{"start":{"line":28,"column":0},"end":{"line":32,"column":2}},"10":{"start":{"line":29,"column":23},"end":{"line":29,"column":31}},"11":{"start":{"line":30,"column":27},"end":{"line":30,"column":53}},"12":{"start":{"line":31,"column":2},"end":{"line":31,"column":36}}},"fnMap":{"0":{"name":"(anonymous_0)","decl":{"start":{"line":6,"column":19},"end":{"line":6,"column":20}},"loc":{"start":{"line":6,"column":33},"end":{"line":14,"column":1}},"line":6},"1":{"name":"(anonymous_1)","decl":{"start":{"line":17,"column":16},"end":{"line":17,"column":17}},"loc":{"start":{"line":17,"column":30},"end":{"line":25,"column":1}},"line":17},"2":{"name":"(anonymous_2)","decl":{"start":{"line":28,"column":27},"end":{"line":28,"column":28}},"loc":{"start":{"line":28,"column":41},"end":{"line":32,"column":1}},"line":28}},"branchMap":{},"s":{"0":1,"1":1,"2":0,"3":0,"4":0,"5":1,"6":0,"7":0,"8":0,"9":1,"10":0,"11":0,"12":0},"f":{"0":0,"1":0,"2":0},"b":{},"_coverageSchema":"1a1c01bbd47fc00a2c39e90264f33305004495a9","hash":"9bec554788ff279ba0f5c86ac8a21ebeb0957ea1"}
,"/Users/_woo_s.j/Desktop/woo/workspace/teamitaka/teamitakaBackend/src/controllers/devController.js": {"path":"/Users/_woo_s.j/Desktop/woo/workspace/teamitaka/teamitakaBackend/src/controllers/devController.js","statementMap":{"0":{"start":{"line":1,"column":26},"end":{"line":1,"column":46}},"1":{"start":{"line":4,"column":0},"end":{"line":12,"column":2}},"2":{"start":{"line":5,"column":4},"end":{"line":11,"column":5}},"3":{"start":{"line":6,"column":8},"end":{"line":6,"column":51}},"4":{"start":{"line":7,"column":8},"end":{"line":7,"column":68}},"5":{"start":{"line":9,"column":8},"end":{"line":9,"column":58}},"6":{"start":{"line":10,"column":8},"end":{"line":10,"column":71}}},"fnMap":{"0":{"name":"(anonymous_0)","decl":{"start":{"line":4,"column":30},"end":{"line":4,"column":31}},"loc":{"start":{"line":4,"column":50},"end":{"line":12,"column":1}},"line":4}},"branchMap":{},"s":{"0":1,"1":1,"2":0,"3":0,"4":0,"5":0,"6":0},"f":{"0":0},"b":{},"_coverageSchema":"1a1c01bbd47fc00a2c39e90264f33305004495a9","hash":"be31ccb80048be5be714ba00fa226609b7b92a71"}
,"/Users/_woo_s.j/Desktop/woo/workspace/teamitaka/teamitakaBackend/src/controllers/univCertController.js": {"path":"/Users/_woo_s.j/Desktop/woo/workspace/teamitaka/teamitakaBackend/src/controllers/univCertController.js","statementMap":{"0":{"start":{"line":1,"column":24},"end":{"line":1,"column":62}},"1":{"start":{"line":4,"column":0},"end":{"line":14,"column":2}},"2":{"start":{"line":5,"column":2},"end":{"line":13,"column":3}},"3":{"start":{"line":6,"column":4},"end":{"line":6,"column":41}},"4":{"start":{"line":8,"column":22},"end":{"line":8,"column":30}},"5":{"start":{"line":9,"column":21},"end":{"line":9,"column":70}},"6":{"start":{"line":10,"column":4},"end":{"line":10,"column":35}},"7":{"start":{"line":12,"column":4},"end":{"line":12,"column":51}},"8":{"start":{"line":17,"column":0},"end":{"line":25,"column":2}},"9":{"start":{"line":18,"column":2},"end":{"line":24,"column":3}},"10":{"start":{"line":19,"column":28},"end":{"line":19,"column":36}},"11":{"start":{"line":20,"column":21},"end":{"line":20,"column":66}},"12":{"start":{"line":21,"column":4},"end":{"line":21,"column":35}},"13":{"start":{"line":23,"column":4},"end":{"line":23,"column":51}}},"fnMap":{"0":{"name":"(anonymous_0)","decl":{"start":{"line":4,"column":31},"end":{"line":4,"column":32}},"loc":{"start":{"line":4,"column":51},"end":{"line":14,"column":1}},"line":4},"1":{"name":"(anonymous_1)","decl":{"start":{"line":17,"column":21},"end":{"line":17,"column":22}},"loc":{"start":{"line":17,"column":41},"end":{"line":25,"column":1}},"line":17}},"branchMap":{},"s":{"0":1,"1":1,"2":0,"3":0,"4":0,"5":0,"6":0,"7":0,"8":1,"9":0,"10":0,"11":0,"12":0,"13":0},"f":{"0":0,"1":0},"b":{},"_coverageSchema":"1a1c01bbd47fc00a2c39e90264f33305004495a9","hash":"af70da30b35b9a306b7796a6169a779df2ff1305"}
,"/Users/_woo_s.j/Desktop/woo/workspace/teamitaka/teamitakaBackend/src/controllers/userController.js": {"path":"/Users/_woo_s.j/Desktop/woo/workspace/teamitaka/teamitakaBackend/src/controllers/userController.js","statementMap":{"0":{"start":{"line":2,"column":17},"end":{"line":2,"column":37}},"1":{"start":{"line":8,"column":0},"end":{"line":16,"column":2}},"2":{"start":{"line":9,"column":2},"end":{"line":15,"column":3}},"3":{"start":{"line":10,"column":18},"end":{"line":10,"column":38}},"4":{"start":{"line":11,"column":4},"end":{"line":11,"column":39}},"5":{"start":{"line":13,"column":4},"end":{"line":13,"column":44}},"6":{"start":{"line":14,"column":4},"end":{"line":14,"column":71}},"7":{"start":{"line":22,"column":0},"end":{"line":32,"column":2}},"8":{"start":{"line":23,"column":2},"end":{"line":31,"column":3}},"9":{"start":{"line":24,"column":42},"end":{"line":24,"column":50}},"10":{"start":{"line":26,"column":20},"end":{"line":26,"column":68}},"11":{"start":{"line":27,"column":4},"end":{"line":27,"column":41}},"12":{"start":{"line":29,"column":4},"end":{"line":29,"column":46}},"13":{"start":{"line":30,"column":4},"end":{"line":30,"column":68}}},"fnMap":{"0":{"name":"(anonymous_0)","decl":{"start":{"line":8,"column":19},"end":{"line":8,"column":20}},"loc":{"start":{"line":8,"column":39},"end":{"line":16,"column":1}},"line":8},"1":{"name":"(anonymous_1)","decl":{"start":{"line":22,"column":21},"end":{"line":22,"column":22}},"loc":{"start":{"line":22,"column":41},"end":{"line":32,"column":1}},"line":22}},"branchMap":{},"s":{"0":1,"1":1,"2":0,"3":0,"4":0,"5":0,"6":0,"7":1,"8":0,"9":0,"10":0,"11":0,"12":0,"13":0},"f":{"0":0,"1":0},"b":{},"_coverageSchema":"1a1c01bbd47fc00a2c39e90264f33305004495a9","hash":"c76b907e4fcb434b86e86f02242eb6c9e3c0c5bd"}
,"/Users/_woo_s.j/Desktop/woo/workspace/teamitaka/teamitakaBackend/src/middlewares/adminMiddleware.js": {"path":"/Users/_woo_s.j/Desktop/woo/workspace/teamitaka/teamitakaBackend/src/middlewares/adminMiddleware.js","statementMap":{"0":{"start":{"line":1,"column":12},"end":{"line":1,"column":35}},"1":{"start":{"line":2,"column":0},"end":{"line":2,"column":27}},"2":{"start":{"line":4,"column":24},"end":{"line":23,"column":1}},"3":{"start":{"line":5,"column":16},"end":{"line":5,"column":56}},"4":{"start":{"line":7,"column":2},"end":{"line":9,"column":3}},"5":{"start":{"line":8,"column":4},"end":{"line":8,"column":64}},"6":{"start":{"line":11,"column":2},"end":{"line":22,"column":3}},"7":{"start":{"line":12,"column":20},"end":{"line":12,"column":61}},"8":{"start":{"line":14,"column":4},"end":{"line":16,"column":5}},"9":{"start":{"line":15,"column":6},"end":{"line":15,"column":68}},"10":{"start":{"line":18,"column":4},"end":{"line":18,"column":23}},"11":{"start":{"line":19,"column":4},"end":{"line":19,"column":11}},"12":{"start":{"line":21,"column":4},"end":{"line":21,"column":65}},"13":{"start":{"line":25,"column":0},"end":{"line":25,"column":33}}},"fnMap":{"0":{"name":"(anonymous_0)","decl":{"start":{"line":4,"column":24},"end":{"line":4,"column":25}},"loc":{"start":{"line":4,"column":44},"end":{"line":23,"column":1}},"line":4}},"branchMap":{"0":{"loc":{"start":{"line":7,"column":2},"end":{"line":9,"column":3}},"type":"if","locations":[{"start":{"line":7,"column":2},"end":{"line":9,"column":3}},{"start":{},"end":{}}],"line":7},"1":{"loc":{"start":{"line":14,"column":4},"end":{"line":16,"column":5}},"type":"if","locations":[{"start":{"line":14,"column":4},"end":{"line":16,"column":5}},{"start":{},"end":{}}],"line":14}},"s":{"0":1,"1":1,"2":1,"3":0,"4":0,"5":0,"6":0,"7":0,"8":0,"9":0,"10":0,"11":0,"12":0,"13":1},"f":{"0":0},"b":{"0":[0,0],"1":[0,0]},"_coverageSchema":"1a1c01bbd47fc00a2c39e90264f33305004495a9","hash":"170c1e57aa148d76c1adc0b7f463a50885385453"}
,"/Users/_woo_s.j/Desktop/woo/workspace/teamitaka/teamitakaBackend/src/models/Notification.js": {"path":"/Users/_woo_s.j/Desktop/woo/workspace/teamitaka/teamitakaBackend/src/models/Notification.js","statementMap":{"0":{"start":{"line":1,"column":22},"end":{"line":1,"column":42}},"1":{"start":{"line":3,"column":0},"end":{"line":21,"column":2}},"2":{"start":{"line":4,"column":23},"end":{"line":18,"column":4}},"3":{"start":{"line":20,"column":2},"end":{"line":20,"column":22}}},"fnMap":{"0":{"name":"(anonymous_0)","decl":{"start":{"line":3,"column":17},"end":{"line":3,"column":18}},"loc":{"start":{"line":3,"column":32},"end":{"line":21,"column":1}},"line":3}},"branchMap":{},"s":{"0":1,"1":1,"2":1,"3":1},"f":{"0":1},"b":{},"_coverageSchema":"1a1c01bbd47fc00a2c39e90264f33305004495a9","hash":"5bfe15b638df5137b0972c2723637ee41363b03f"}
,"/Users/_woo_s.j/Desktop/woo/workspace/teamitaka/teamitakaBackend/src/models/Project.js": {"path":"/Users/_woo_s.j/Desktop/woo/workspace/teamitaka/teamitakaBackend/src/models/Project.js","statementMap":{"0":{"start":{"line":1,"column":22},"end":{"line":1,"column":42}},"1":{"start":{"line":3,"column":0},"end":{"line":37,"column":2}},"2":{"start":{"line":4,"column":18},"end":{"line":34,"column":4}},"3":{"start":{"line":36,"column":2},"end":{"line":36,"column":17}}},"fnMap":{"0":{"name":"(anonymous_0)","decl":{"start":{"line":3,"column":17},"end":{"line":3,"column":18}},"loc":{"start":{"line":3,"column":32},"end":{"line":37,"column":1}},"line":3}},"branchMap":{},"s":{"0":1,"1":1,"2":1,"3":1},"f":{"0":1},"b":{},"_coverageSchema":"1a1c01bbd47fc00a2c39e90264f33305004495a9","hash":"4444bac5d28c453957914b4bf50df8b091f405e8"}
,"/Users/_woo_s.j/Desktop/woo/workspace/teamitaka/teamitakaBackend/src/models/Recruitment.js": {"path":"/Users/_woo_s.j/Desktop/woo/workspace/teamitaka/teamitakaBackend/src/models/Recruitment.js","statementMap":{"0":{"start":{"line":1,"column":22},"end":{"line":1,"column":42}},"1":{"start":{"line":3,"column":0},"end":{"line":25,"column":2}},"2":{"start":{"line":4,"column":22},"end":{"line":22,"column":4}},"3":{"start":{"line":24,"column":2},"end":{"line":24,"column":21}}},"fnMap":{"0":{"name":"(anonymous_0)","decl":{"start":{"line":3,"column":17},"end":{"line":3,"column":18}},"loc":{"start":{"line":3,"column":32},"end":{"line":25,"column":1}},"line":3}},"branchMap":{},"s":{"0":1,"1":1,"2":1,"3":1},"f":{"0":1},"b":{},"_coverageSchema":"1a1c01bbd47fc00a2c39e90264f33305004495a9","hash":"9bb910d40803cc7e98c8dd0d2af3eab6811d0966"}
,"/Users/_woo_s.j/Desktop/woo/workspace/teamitaka/teamitakaBackend/src/models/Review.js": {"path":"/Users/_woo_s.j/Desktop/woo/workspace/teamitaka/teamitakaBackend/src/models/Review.js","statementMap":{"0":{"start":{"line":1,"column":22},"end":{"line":1,"column":42}},"1":{"start":{"line":3,"column":0},"end":{"line":21,"column":2}},"2":{"start":{"line":4,"column":17},"end":{"line":18,"column":4}},"3":{"start":{"line":20,"column":2},"end":{"line":20,"column":16}}},"fnMap":{"0":{"name":"(anonymous_0)","decl":{"start":{"line":3,"column":17},"end":{"line":3,"column":18}},"loc":{"start":{"line":3,"column":32},"end":{"line":21,"column":1}},"line":3}},"branchMap":{},"s":{"0":1,"1":1,"2":1,"3":1},"f":{"0":1},"b":{},"_coverageSchema":"1a1c01bbd47fc00a2c39e90264f33305004495a9","hash":"39ca335745e431cf30dc5be1eee1da861a4496b5"}
,"/Users/_woo_s.j/Desktop/woo/workspace/teamitaka/teamitakaBackend/src/models/Search.js": {"path":"/Users/_woo_s.j/Desktop/woo/workspace/teamitaka/teamitakaBackend/src/models/Search.js","statementMap":{"0":{"start":{"line":1,"column":22},"end":{"line":1,"column":42}},"1":{"start":{"line":3,"column":0},"end":{"line":21,"column":2}},"2":{"start":{"line":4,"column":17},"end":{"line":18,"column":4}},"3":{"start":{"line":20,"column":2},"end":{"line":20,"column":16}}},"fnMap":{"0":{"name":"(anonymous_0)","decl":{"start":{"line":3,"column":17},"end":{"line":3,"column":18}},"loc":{"start":{"line":3,"column":32},"end":{"line":21,"column":1}},"line":3}},"branchMap":{},"s":{"0":1,"1":1,"2":1,"3":1},"f":{"0":1},"b":{},"_coverageSchema":"1a1c01bbd47fc00a2c39e90264f33305004495a9","hash":"3c2ba269998e8cd4dcf69ced8025e28225cdf4e5"}
,"/Users/_woo_s.j/Desktop/woo/workspace/teamitaka/teamitakaBackend/src/models/User.js": {"path":"/Users/_woo_s.j/Desktop/woo/workspace/teamitaka/teamitakaBackend/src/models/User.js","statementMap":{"0":{"start":{"line":1,"column":22},"end":{"line":1,"column":42}},"1":{"start":{"line":3,"column":0},"end":{"line":39,"column":2}},"2":{"start":{"line":4,"column":15},"end":{"line":36,"column":4}},"3":{"start":{"line":38,"column":2},"end":{"line":38,"column":14}}},"fnMap":{"0":{"name":"(anonymous_0)","decl":{"start":{"line":3,"column":17},"end":{"line":3,"column":18}},"loc":{"start":{"line":3,"column":32},"end":{"line":39,"column":1}},"line":3}},"branchMap":{},"s":{"0":1,"1":1,"2":2,"3":2},"f":{"0":2},"b":{},"_coverageSchema":"1a1c01bbd47fc00a2c39e90264f33305004495a9","hash":"79c6d636be2a35f3e1850dced95a3c0cfd45b660"}
,"/Users/_woo_s.j/Desktop/woo/workspace/teamitaka/teamitakaBackend/src/models/VerifiedEmail.js": {"path":"/Users/_woo_s.j/Desktop/woo/workspace/teamitaka/teamitakaBackend/src/models/VerifiedEmail.js","statementMap":{"0":{"start":{"line":1,"column":22},"end":{"line":1,"column":42}},"1":{"start":{"line":3,"column":0},"end":{"line":31,"column":2}},"2":{"start":{"line":4,"column":24},"end":{"line":28,"column":4}},"3":{"start":{"line":23,"column":18},"end":{"line":23,"column":28}},"4":{"start":{"line":24,"column":8},"end":{"line":24,"column":42}},"5":{"start":{"line":25,"column":8},"end":{"line":25,"column":19}},"6":{"start":{"line":30,"column":2},"end":{"line":30,"column":23}}},"fnMap":{"0":{"name":"(anonymous_0)","decl":{"start":{"line":3,"column":17},"end":{"line":3,"column":18}},"loc":{"start":{"line":3,"column":32},"end":{"line":31,"column":1}},"line":3},"1":{"name":"(anonymous_1)","decl":{"start":{"line":22,"column":20},"end":{"line":22,"column":21}},"loc":{"start":{"line":22,"column":26},"end":{"line":26,"column":7}},"line":22}},"branchMap":{},"s":{"0":1,"1":1,"2":1,"3":0,"4":0,"5":0,"6":1},"f":{"0":1,"1":0},"b":{},"_coverageSchema":"1a1c01bbd47fc00a2c39e90264f33305004495a9","hash":"1ab106634deb8454f8d645ff79884aac3460722e"}
,"/Users/_woo_s.j/Desktop/woo/workspace/teamitaka/teamitakaBackend/src/models/index.js": {"path":"/Users/_woo_s.j/Desktop/woo/workspace/teamitaka/teamitakaBackend/src/models/index.js","statementMap":{"0":{"start":{"line":4,"column":22},"end":{"line":4,"column":45}},"1":{"start":{"line":5,"column":18},"end":{"line":5,"column":38}},"2":{"start":{"line":7,"column":11},"end":{"line":7,"column":13}},"3":{"start":{"line":8,"column":0},"end":{"line":8,"column":25}},"4":{"start":{"line":9,"column":0},"end":{"line":9,"column":25}},"5":{"start":{"line":13,"column":0},"end":{"line":13,"column":42}},"6":{"start":{"line":14,"column":0},"end":{"line":14,"column":55}},"7":{"start":{"line":15,"column":0},"end":{"line":15,"column":45}},"8":{"start":{"line":16,"column":0},"end":{"line":16,"column":53}},"9":{"start":{"line":17,"column":0},"end":{"line":17,"column":43}},"10":{"start":{"line":18,"column":0},"end":{"line":18,"column":43}},"11":{"start":{"line":19,"column":0},"end":{"line":19,"column":39}},"12":{"start":{"line":20,"column":0},"end":{"line":20,"column":57}},"13":{"start":{"line":22,"column":0},"end":{"line":22,"column":20}}},"fnMap":{},"branchMap":{},"s":{"0":1,"1":1,"2":1,"3":1,"4":1,"5":1,"6":1,"7":1,"8":1,"9":1,"10":1,"11":1,"12":1,"13":1},"f":{},"b":{},"_coverageSchema":"1a1c01bbd47fc00a2c39e90264f33305004495a9","hash":"19984d77c83aeac7834e5c8ff52f7858722398ee"}
,"/Users/_woo_s.j/Desktop/woo/workspace/teamitaka/teamitakaBackend/src/routes/adminRoutes.js": {"path":"/Users/_woo_s.j/Desktop/woo/workspace/teamitaka/teamitakaBackend/src/routes/adminRoutes.js","statementMap":{"0":{"start":{"line":1,"column":16},"end":{"line":1,"column":34}},"1":{"start":{"line":2,"column":42},"end":{"line":2,"column":83}},"2":{"start":{"line":3,"column":24},"end":{"line":3,"column":65}},"3":{"start":{"line":5,"column":15},"end":{"line":5,"column":31}},"4":{"start":{"line":8,"column":0},"end":{"line":8,"column":34}},"5":{"start":{"line":11,"column":0},"end":{"line":11,"column":67}},"6":{"start":{"line":13,"column":0},"end":{"line":13,"column":24}}},"fnMap":{},"branchMap":{},"s":{"0":1,"1":1,"2":1,"3":1,"4":1,"5":1,"6":1},"f":{},"b":{},"_coverageSchema":"1a1c01bbd47fc00a2c39e90264f33305004495a9","hash":"8579733f93d2ed7adf1a97fc884dabf25fe8ab23"}
,"/Users/_woo_s.j/Desktop/woo/workspace/teamitaka/teamitakaBackend/src/routes/authRoutes.js": {"path":"/Users/_woo_s.j/Desktop/woo/workspace/teamitaka/teamitakaBackend/src/routes/authRoutes.js","statementMap":{"0":{"start":{"line":3,"column":16},"end":{"line":3,"column":34}},"1":{"start":{"line":4,"column":15},"end":{"line":4,"column":31}},"2":{"start":{"line":5,"column":23},"end":{"line":5,"column":63}},"3":{"start":{"line":8,"column":0},"end":{"line":8,"column":50}},"4":{"start":{"line":10,"column":0},"end":{"line":10,"column":44}},"5":{"start":{"line":12,"column":0},"end":{"line":12,"column":67}},"6":{"start":{"line":14,"column":0},"end":{"line":14,"column":24}}},"fnMap":{},"branchMap":{},"s":{"0":1,"1":1,"2":1,"3":1,"4":1,"5":1,"6":1},"f":{},"b":{},"_coverageSchema":"1a1c01bbd47fc00a2c39e90264f33305004495a9","hash":"6d48d641de0ca3a3982474130671e7f497cf041f"}
,"/Users/_woo_s.j/Desktop/woo/workspace/teamitaka/teamitakaBackend/src/routes/devRoutes.js": {"path":"/Users/_woo_s.j/Desktop/woo/workspace/teamitaka/teamitakaBackend/src/routes/devRoutes.js","statementMap":{"0":{"start":{"line":1,"column":16},"end":{"line":1,"column":34}},"1":{"start":{"line":2,"column":15},"end":{"line":2,"column":31}},"2":{"start":{"line":3,"column":22},"end":{"line":3,"column":61}},"3":{"start":{"line":5,"column":0},"end":{"line":5,"column":75}},"4":{"start":{"line":7,"column":0},"end":{"line":7,"column":24}}},"fnMap":{},"branchMap":{},"s":{"0":1,"1":1,"2":1,"3":1,"4":1},"f":{},"b":{},"_coverageSchema":"1a1c01bbd47fc00a2c39e90264f33305004495a9","hash":"dcf130c1e8aabb882cbcf937396246ab1600fbc4"}
,"/Users/_woo_s.j/Desktop/woo/workspace/teamitaka/teamitakaBackend/src/routes/univCertRoutes.js": {"path":"/Users/_woo_s.j/Desktop/woo/workspace/teamitaka/teamitakaBackend/src/routes/univCertRoutes.js","statementMap":{"0":{"start":{"line":1,"column":16},"end":{"line":1,"column":34}},"1":{"start":{"line":2,"column":15},"end":{"line":2,"column":31}},"2":{"start":{"line":3,"column":27},"end":{"line":3,"column":71}},"3":{"start":{"line":5,"column":0},"end":{"line":5,"column":66}},"4":{"start":{"line":6,"column":0},"end":{"line":6,"column":58}},"5":{"start":{"line":8,"column":0},"end":{"line":8,"column":24}}},"fnMap":{},"branchMap":{},"s":{"0":1,"1":1,"2":1,"3":1,"4":1,"5":1},"f":{},"b":{},"_coverageSchema":"1a1c01bbd47fc00a2c39e90264f33305004495a9","hash":"aa6fbea49a1c13d0419d0d666e954fa8cd091821"}
,"/Users/_woo_s.j/Desktop/woo/workspace/teamitaka/teamitakaBackend/src/routes/userRoutes.js": {"path":"/Users/_woo_s.j/Desktop/woo/workspace/teamitaka/teamitakaBackend/src/routes/userRoutes.js","statementMap":{"0":{"start":{"line":2,"column":16},"end":{"line":2,"column":34}},"1":{"start":{"line":3,"column":15},"end":{"line":3,"column":31}},"2":{"start":{"line":4,"column":23},"end":{"line":4,"column":63}},"3":{"start":{"line":7,"column":0},"end":{"line":7,"column":41}},"4":{"start":{"line":10,"column":0},"end":{"line":10,"column":44}},"5":{"start":{"line":17,"column":0},"end":{"line":17,"column":24}}},"fnMap":{},"branchMap":{},"s":{"0":1,"1":1,"2":1,"3":1,"4":1,"5":1},"f":{},"b":{},"_coverageSchema":"1a1c01bbd47fc00a2c39e90264f33305004495a9","hash":"b1e322468020d9a1ea837c35b03b26678c98edc6"}
,"/Users/_woo_s.j/Desktop/woo/workspace/teamitaka/teamitakaBackend/src/services/univCertService.js": {"path":"/Users/_woo_s.j/Desktop/woo/workspace/teamitaka/teamitakaBackend/src/services/univCertService.js","statementMap":{"0":{"start":{"line":1,"column":14},"end":{"line":1,"column":30}},"1":{"start":{"line":2,"column":26},"end":{"line":2,"column":46}},"2":{"start":{"line":4,"column":25},"end":{"line":4,"column":53}},"3":{"start":{"line":7,"column":22},"end":{"line":10,"column":1}},"4":{"start":{"line":13,"column":0},"end":{"line":38,"column":2}},"5":{"start":{"line":14,"column":24},"end":{"line":14,"column":43}},"6":{"start":{"line":17,"column":4},"end":{"line":19,"column":5}},"7":{"start":{"line":18,"column":8},"end":{"line":18,"column":46}},"8":{"start":{"line":21,"column":4},"end":{"line":37,"column":5}},"9":{"start":{"line":22,"column":25},"end":{"line":27,"column":10}},"10":{"start":{"line":29,"column":8},"end":{"line":31,"column":9}},"11":{"start":{"line":30,"column":12},"end":{"line":30,"column":51}},"12":{"start":{"line":33,"column":8},"end":{"line":33,"column":51}},"13":{"start":{"line":35,"column":8},"end":{"line":35,"column":87}},"14":{"start":{"line":36,"column":8},"end":{"line":36,"column":72}},"15":{"start":{"line":41,"column":0},"end":{"line":76,"column":2}},"16":{"start":{"line":42,"column":24},"end":{"line":42,"column":43}},"17":{"start":{"line":45,"column":4},"end":{"line":47,"column":5}},"18":{"start":{"line":46,"column":8},"end":{"line":46,"column":46}},"19":{"start":{"line":49,"column":4},"end":{"line":75,"column":5}},"20":{"start":{"line":50,"column":25},"end":{"line":55,"column":10}},"21":{"start":{"line":57,"column":8},"end":{"line":59,"column":9}},"22":{"start":{"line":58,"column":12},"end":{"line":58,"column":51}},"23":{"start":{"line":62,"column":8},"end":{"line":65,"column":11}},"24":{"start":{"line":67,"column":8},"end":{"line":71,"column":10}},"25":{"start":{"line":73,"column":8},"end":{"line":73,"column":87}},"26":{"start":{"line":74,"column":8},"end":{"line":74,"column":70}}},"fnMap":{"0":{"name":"(anonymous_0)","decl":{"start":{"line":13,"column":31},"end":{"line":13,"column":32}},"loc":{"start":{"line":13,"column":48},"end":{"line":38,"column":1}},"line":13},"1":{"name":"(anonymous_1)","decl":{"start":{"line":41,"column":21},"end":{"line":41,"column":22}},"loc":{"start":{"line":41,"column":44},"end":{"line":76,"column":1}},"line":41}},"branchMap":{"0":{"loc":{"start":{"line":17,"column":4},"end":{"line":19,"column":5}},"type":"if","locations":[{"start":{"line":17,"column":4},"end":{"line":19,"column":5}},{"start":{},"end":{}}],"line":17},"1":{"loc":{"start":{"line":29,"column":8},"end":{"line":31,"column":9}},"type":"if","locations":[{"start":{"line":29,"column":8},"end":{"line":31,"column":9}},{"start":{},"end":{}}],"line":29},"2":{"loc":{"start":{"line":35,"column":48},"end":{"line":35,"column":85}},"type":"binary-expr","locations":[{"start":{"line":35,"column":48},"end":{"line":35,"column":68}},{"start":{"line":35,"column":72},"end":{"line":35,"column":85}}],"line":35},"3":{"loc":{"start":{"line":36,"column":24},"end":{"line":36,"column":70}},"type":"binary-expr","locations":[{"start":{"line":36,"column":24},"end":{"line":36,"column":53}},{"start":{"line":36,"column":57},"end":{"line":36,"column":70}}],"line":36},"4":{"loc":{"start":{"line":45,"column":4},"end":{"line":47,"column":5}},"type":"if","locations":[{"start":{"line":45,"column":4},"end":{"line":47,"column":5}},{"start":{},"end":{}}],"line":45},"5":{"loc":{"start":{"line":57,"column":8},"end":{"line":59,"column":9}},"type":"if","locations":[{"start":{"line":57,"column":8},"end":{"line":59,"column":9}},{"start":{},"end":{}}],"line":57},"6":{"loc":{"start":{"line":73,"column":48},"end":{"line":73,"column":85}},"type":"binary-expr","locations":[{"start":{"line":73,"column":48},"end":{"line":73,"column":68}},{"start":{"line":73,"column":72},"end":{"line":73,"column":85}}],"line":73},"7":{"loc":{"start":{"line":74,"column":24},"end":{"line":74,"column":68}},"type":"binary-expr","locations":[{"start":{"line":74,"column":24},"end":{"line":74,"column":53}},{"start":{"line":74,"column":57},"end":{"line":74,"column":68}}],"line":74}},"s":{"0":1,"1":1,"2":1,"3":1,"4":1,"5":0,"6":0,"7":0,"8":0,"9":0,"10":0,"11":0,"12":0,"13":0,"14":0,"15":1,"16":0,"17":0,"18":0,"19":0,"20":0,"21":0,"22":0,"23":0,"24":0,"25":0,"26":0},"f":{"0":0,"1":0},"b":{"0":[0,0],"1":[0,0],"2":[0,0],"3":[0,0],"4":[0,0],"5":[0,0],"6":[0,0],"7":[0,0]},"_coverageSchema":"1a1c01bbd47fc00a2c39e90264f33305004495a9","hash":"65bdd3adcb37dce4c03f5244df540c0760c9f73a"}
,"/Users/_woo_s.j/Desktop/woo/workspace/teamitaka/teamitakaBackend/src/utils/passwordValidator.js": {"path":"/Users/_woo_s.j/Desktop/woo/workspace/teamitaka/teamitakaBackend/src/utils/passwordValidator.js","statementMap":{"0":{"start":{"line":1,"column":25},"end":{"line":26,"column":1}},"1":{"start":{"line":2,"column":22},"end":{"line":2,"column":23}},"2":{"start":{"line":3,"column":22},"end":{"line":3,"column":24}},"3":{"start":{"line":4,"column":25},"end":{"line":4,"column":47}},"4":{"start":{"line":5,"column":25},"end":{"line":5,"column":47}},"5":{"start":{"line":6,"column":22},"end":{"line":6,"column":41}},"6":{"start":{"line":7,"column":27},"end":{"line":7,"column":66}},"7":{"start":{"line":9,"column":4},"end":{"line":11,"column":5}},"8":{"start":{"line":10,"column":8},"end":{"line":10,"column":63}},"9":{"start":{"line":12,"column":4},"end":{"line":14,"column":5}},"10":{"start":{"line":13,"column":8},"end":{"line":13,"column":74}},"11":{"start":{"line":15,"column":4},"end":{"line":17,"column":5}},"12":{"start":{"line":16,"column":8},"end":{"line":16,"column":74}},"13":{"start":{"line":18,"column":4},"end":{"line":20,"column":5}},"14":{"start":{"line":19,"column":8},"end":{"line":19,"column":73}},"15":{"start":{"line":21,"column":4},"end":{"line":23,"column":5}},"16":{"start":{"line":22,"column":8},"end":{"line":22,"column":75}},"17":{"start":{"line":25,"column":4},"end":{"line":25,"column":27}},"18":{"start":{"line":28,"column":0},"end":{"line":28,"column":38}}},"fnMap":{"0":{"name":"(anonymous_0)","decl":{"start":{"line":1,"column":25},"end":{"line":1,"column":26}},"loc":{"start":{"line":1,"column":39},"end":{"line":26,"column":1}},"line":1}},"branchMap":{"0":{"loc":{"start":{"line":9,"column":4},"end":{"line":11,"column":5}},"type":"if","locations":[{"start":{"line":9,"column":4},"end":{"line":11,"column":5}},{"start":{},"end":{}}],"line":9},"1":{"loc":{"start":{"line":9,"column":8},"end":{"line":9,"column":66}},"type":"binary-expr","locations":[{"start":{"line":9,"column":8},"end":{"line":9,"column":35}},{"start":{"line":9,"column":39},"end":{"line":9,"column":66}}],"line":9},"2":{"loc":{"start":{"line":12,"column":4},"end":{"line":14,"column":5}},"type":"if","locations":[{"start":{"line":12,"column":4},"end":{"line":14,"column":5}},{"start":{},"end":{}}],"line":12},"3":{"loc":{"start":{"line":15,"column":4},"end":{"line":17,"column":5}},"type":"if","locations":[{"start":{"line":15,"column":4},"end":{"line":17,"column":5}},{"start":{},"end":{}}],"line":15},"4":{"loc":{"start":{"line":18,"column":4},"end":{"line":20,"column":5}},"type":"if","locations":[{"start":{"line":18,"column":4},"end":{"line":20,"column":5}},{"start":{},"end":{}}],"line":18},"5":{"loc":{"start":{"line":21,"column":4},"end":{"line":23,"column":5}},"type":"if","locations":[{"start":{"line":21,"column":4},"end":{"line":23,"column":5}},{"start":{},"end":{}}],"line":21}},"s":{"0":1,"1":0,"2":0,"3":0,"4":0,"5":0,"6":0,"7":0,"8":0,"9":0,"10":0,"11":0,"12":0,"13":0,"14":0,"15":0,"16":0,"17":0,"18":1},"f":{"0":0},"b":{"0":[0,0],"1":[0,0],"2":[0,0],"3":[0,0],"4":[0,0],"5":[0,0]},"_coverageSchema":"1a1c01bbd47fc00a2c39e90264f33305004495a9","hash":"fdee9eb297ebe62160f84493e5641a6dca207eac"}
}
